<?xml version="1.0" encoding="UTF-8"?><testsuite errors="0" failures="0" name="com.bestbuy.crudtest.StoresCrudTest" skipped="0" tests="4" time="0.32" timestamp="2023-01-03T16:01:11.144Z[Europe/London]"><testcase classname="com.bestbuy.crudtest.StoresCrudTest" name="This will create a new store"/><testcase classname="com.bestbuy.crudtest.StoresCrudTest" name="Verify store was added "/><testcase classname="com.bestbuy.crudtest.StoresCrudTest" name="This test will Update the services information"/><testcase classname="com.bestbuy.crudtest.StoresCrudTest" name="Delete the store by ID"/></testsuite>